Using pre-set license
Built from '2021.3/staging' branch; Version is '2021.3.10f1 (1c7d0df0160b) revision 1867021'; Using compiler version '192829333'; Build Type 'Release'
OS: 'Windows 10  (10.0.19044) 64bit Enterprise' Language: 'ru' Physical Memory: 16343 MB
BatchMode: 1, IsHumanControllingUs: 0, StartBugReporterOnCrash: 0, Is64bit: 1, IsPro: 1

COMMAND LINE ARGUMENTS:
F:\Games 2\Unity\2021.3.10f1\Editor\Unity.exe
-adb2
-batchMode
-noUpm
-name
AssetImportWorker0
-projectPath
F:/Загрузки F/COURSE/Unity-main/Lab2
-logFile
Logs/AssetImportWorker0.log
-srvPort
61581
Successfully changed project path to: F:/Загрузки F/COURSE/Unity-main/Lab2
F:/Загрузки F/COURSE/Unity-main/Lab2
[UnityMemory] Configuration Parameters - Can be set up in boot.config
    "memorysetup-bucket-allocator-granularity=16"
    "memorysetup-bucket-allocator-bucket-count=8"
    "memorysetup-bucket-allocator-block-size=33554432"
    "memorysetup-bucket-allocator-block-count=8"
    "memorysetup-main-allocator-block-size=16777216"
    "memorysetup-thread-allocator-block-size=16777216"
    "memorysetup-gfx-main-allocator-block-size=16777216"
    "memorysetup-gfx-thread-allocator-block-size=16777216"
    "memorysetup-cache-allocator-block-size=4194304"
    "memorysetup-typetree-allocator-block-size=2097152"
    "memorysetup-profiler-bucket-allocator-granularity=16"
    "memorysetup-profiler-bucket-allocator-bucket-count=8"
    "memorysetup-profiler-bucket-allocator-block-size=33554432"
    "memorysetup-profiler-bucket-allocator-block-count=8"
    "memorysetup-profiler-allocator-block-size=16777216"
    "memorysetup-profiler-editor-allocator-block-size=1048576"
    "memorysetup-temp-allocator-size-main=16777216"
    "memorysetup-job-temp-allocator-block-size=2097152"
    "memorysetup-job-temp-allocator-block-size-background=1048576"
    "memorysetup-job-temp-allocator-reduction-small-platforms=262144"
    "memorysetup-temp-allocator-size-background-worker=32768"
    "memorysetup-temp-allocator-size-job-worker=262144"
    "memorysetup-temp-allocator-size-preload-manager=33554432"
    "memorysetup-temp-allocator-size-nav-mesh-worker=65536"
    "memorysetup-temp-allocator-size-audio-worker=65536"
    "memorysetup-temp-allocator-size-cloud-worker=32768"
    "memorysetup-temp-allocator-size-gi-baking-worker=262144"
    "memorysetup-temp-allocator-size-gfx=262144"
Refreshing native plugins compatible for Editor in 188.07 ms, found 3 plugins.
Preloading 0 native plugins for Editor in 0.00 ms.
Initialize engine version: 2021.3.10f1 (1c7d0df0160b)
[Subsystems] Discovering subsystems at path F:/Games 2/Unity/2021.3.10f1/Editor/Data/Resources/UnitySubsystems
[Subsystems] Discovering subsystems at path F:/Загрузки F/COURSE/Unity-main/Lab2/Assets
GfxDevice: creating device client; threaded=0; jobified=0
Direct3D:
    Version:  Direct3D 11.0 [level 11.1]
    Renderer: NVIDIA GeForce GTX 1050 Ti (ID=0x1c82)
    Vendor:   NVIDIA
    VRAM:     4018 MB
    Driver:   31.0.15.1694
Initialize mono
Mono path[0] = 'F:/Games 2/Unity/2021.3.10f1/Editor/Data/Managed'
Mono path[1] = 'F:/Games 2/Unity/2021.3.10f1/Editor/Data/MonoBleedingEdge/lib/mono/unityjit-win32'
Mono config path = 'F:/Games 2/Unity/2021.3.10f1/Editor/Data/MonoBleedingEdge/etc'
Using monoOptions --debugger-agent=transport=dt_socket,embedding=1,server=y,suspend=n,address=127.0.0.1:56860
Begin MonoManager ReloadAssembly
Registering precompiled unity dll's ...
Register platform support module: F:/Games 2/Unity/2021.3.10f1/Editor/Data/PlaybackEngines/WindowsStandaloneSupport/UnityEditor.WindowsStandalone.Extensions.dll
Registered in 0.003986 seconds.
Native extension for WindowsStandalone target not found
Refreshing native plugins compatible for Editor in 196.77 ms, found 3 plugins.
Preloading 0 native plugins for Editor in 0.00 ms.
Mono: successfully reloaded assembly
- Completed reload, in  0.965 seconds
Domain Reload Profiling:
	ReloadAssembly (966ms)
		BeginReloadAssembly (99ms)
			ExecutionOrderSort (0ms)
			DisableScriptedObjects (0ms)
			BackupInstance (0ms)
			ReleaseScriptingObjects (0ms)
			CreateAndSetChildDomain (1ms)
		EndReloadAssembly (724ms)
			LoadAssemblies (98ms)
			RebuildTransferFunctionScriptingTraits (0ms)
			SetupTypeCache (141ms)
			ReleaseScriptCaches (0ms)
			RebuildScriptCaches (43ms)
			SetupLoadedEditorAssemblies (476ms)
				LogAssemblyErrors (0ms)
				InitializePlatformSupportModulesInManaged (11ms)
				SetLoadedEditorAssemblies (0ms)
				RefreshPlugins (197ms)
				BeforeProcessingInitializeOnLoad (2ms)
				ProcessInitializeOnLoadAttributes (200ms)
				ProcessInitializeOnLoadMethodAttributes (65ms)
				AfterProcessingInitializeOnLoad (0ms)
				EditorAssembliesLoaded (0ms)
			ExecutionOrderSort2 (0ms)
			AwakeInstancesAfterBackupRestoration (0ms)
Platform modules already initialized, skipping
Registering precompiled user dll's ...
Registered in 0.007663 seconds.
Begin MonoManager ReloadAssembly
Symbol file LoadedFromMemory doesn't match image F:\Загрузки F\COURSE\Unity-main\Lab2\Library\PackageCache\com.unity.visualscripting@1.7.8\Editor\VisualScripting.Core\Dependencies\YamlDotNet\Unity.VisualScripting.YamlDotNet.dll
Symbol file LoadedFromMemory doesn't match image F:\Загрузки F\COURSE\Unity-main\Lab2\Library\PackageCache\com.unity.visualscripting@1.7.8\Editor\VisualScripting.Core\Dependencies\DotNetZip\Unity.VisualScripting.IonicZip.dll
Native extension for WindowsStandalone target not found
Refreshing native plugins compatible for Editor in 211.53 ms, found 3 plugins.
Preloading 0 native plugins for Editor in 0.00 ms.
Mono: successfully reloaded assembly
- Completed reload, in  2.238 seconds
Domain Reload Profiling:
	ReloadAssembly (2239ms)
		BeginReloadAssembly (150ms)
			ExecutionOrderSort (0ms)
			DisableScriptedObjects (10ms)
			BackupInstance (0ms)
			ReleaseScriptingObjects (0ms)
			CreateAndSetChildDomain (26ms)
		EndReloadAssembly (1927ms)
			LoadAssemblies (126ms)
			RebuildTransferFunctionScriptingTraits (0ms)
			SetupTypeCache (551ms)
			ReleaseScriptCaches (1ms)
			RebuildScriptCaches (132ms)
			SetupLoadedEditorAssemblies (1057ms)
				LogAssemblyErrors (0ms)
				InitializePlatformSupportModulesInManaged (4ms)
				SetLoadedEditorAssemblies (0ms)
				RefreshPlugins (212ms)
				BeforeProcessingInitializeOnLoad (186ms)
				ProcessInitializeOnLoadAttributes (578ms)
				ProcessInitializeOnLoadMethodAttributes (72ms)
				AfterProcessingInitializeOnLoad (4ms)
				EditorAssembliesLoaded (0ms)
			ExecutionOrderSort2 (0ms)
			AwakeInstancesAfterBackupRestoration (10ms)
Platform modules already initialized, skipping
========================================================================
Worker process is ready to serve import requests
Launched and connected shader compiler UnityShaderCompiler.exe after 0.08 seconds
Refreshing native plugins compatible for Editor in 1.40 ms, found 3 plugins.
Preloading 0 native plugins for Editor in 0.00 ms.
Unloading 6840 Unused Serialized files (Serialized files now loaded: 0)
Unloading 70 unused Assets / (5.1 MB). Loaded Objects now: 7273.
Memory consumption went from 316.3 MB to 311.2 MB.
Total: 6.640800 ms (FindLiveObjects: 0.735800 ms CreateObjectMapping: 0.872100 ms MarkObjects: 3.842100 ms  DeleteObjects: 1.189300 ms)

AssetImportParameters requested are different than current active one (requested -> active):
  custom:video-decoder-ogg-theora: a1e56fd34408186e4bbccfd4996cb3dc -> 
  custom:container-muxer-webm: aa71ff27fc2769a1b78a27578f13a17b -> 
  custom:container-demuxer-webm: 4f35f7cbe854078d1ac9338744f61a02 -> 
  custom:video-encoder-webm-vp8: eb34c28f22e8b96e1ab97ce403110664 -> 
  custom:video-codec-MediaFoundation-h265: 746d11721c4dcdbdad8f713fa42b33f4 -> 
  custom:audio-encoder-webm-vorbis: bf7c407c2cedff20999df2af8eb42d56 -> 
  custom:framework-win-MediaFoundation: 216162199b28c13a410421893ffa2e32 -> 
  custom:container-demuxer-ogg: 62fdf1f143b41e24485cea50d1cbac27 -> 
  custom:video-decoder-webm-vp8: 9c59270c3fd7afecdb556c50c9e8de78 -> 
  custom:audio-decoder-ogg-vorbis: bf7c407c2cedff20999df2af8eb42d56 -> 
========================================================================
Received Import Request.
  Time since last request: 14487.220804 seconds.
  path: Assets/Xfrog
  artifactKey: Guid(d390828193cc09448883e8fbcce559c6) Importer(815301076,1909f56bfc062723c751e8b465ee728b)
Start importing Assets/Xfrog using Guid(d390828193cc09448883e8fbcce559c6) Importer(815301076,1909f56bfc062723c751e8b465ee728b)  -> (artifact id: '7cdff0602617116df311a5477e9dddfc') in 0.029091 seconds 
========================================================================
Received Import Request.
  Time since last request: 0.000029 seconds.
  path: Assets/Xfrog/2022 PBR XfrogPlants Sampler
  artifactKey: Guid(8eb3dd8d85a1a5c4382025a19735b6ce) Importer(815301076,1909f56bfc062723c751e8b465ee728b)
Start importing Assets/Xfrog/2022 PBR XfrogPlants Sampler using Guid(8eb3dd8d85a1a5c4382025a19735b6ce) Importer(815301076,1909f56bfc062723c751e8b465ee728b)  -> (artifact id: 'fac284876089097421c9acdc967c38c4') in 0.001868 seconds 
========================================================================
Received Import Request.
  Time since last request: 0.487245 seconds.
  path: Assets/Xfrog/2022 PBR XfrogPlants Sampler/Maps/Mat
  artifactKey: Guid(90baa7db14cc6fc4bb10026e9f910a08) Importer(815301076,1909f56bfc062723c751e8b465ee728b)
Start importing Assets/Xfrog/2022 PBR XfrogPlants Sampler/Maps/Mat using Guid(90baa7db14cc6fc4bb10026e9f910a08) Importer(815301076,1909f56bfc062723c751e8b465ee728b)  -> (artifact id: '584b1e38a5402bab28e340cd9d3088dc') in 0.001561 seconds 
========================================================================
Received Import Request.
  Time since last request: 0.069895 seconds.
  path: Assets/Xfrog/2022 PBR XfrogPlants Sampler/Maps/Mat/MI_AF08_Bark01.mat
  artifactKey: Guid(0f132f75a238a1449a6ef5b5b4de52e8) Importer(815301076,1909f56bfc062723c751e8b465ee728b)
Start importing Assets/Xfrog/2022 PBR XfrogPlants Sampler/Maps/Mat/MI_AF08_Bark01.mat using Guid(0f132f75a238a1449a6ef5b5b4de52e8) Importer(815301076,1909f56bfc062723c751e8b465ee728b)  -> (artifact id: '8e75d398bae73cfa622b0542ac666df9') in 4.922611 seconds 
========================================================================
Received Import Request.
  Time since last request: 0.000044 seconds.
  path: Assets/Xfrog/2022 PBR XfrogPlants Sampler/Maps/Mat/MI_OC56_Flowers01.mat
  artifactKey: Guid(2b558ccbc8efba841a6cff5aaf229ac8) Importer(815301076,1909f56bfc062723c751e8b465ee728b)
Start importing Assets/Xfrog/2022 PBR XfrogPlants Sampler/Maps/Mat/MI_OC56_Flowers01.mat using Guid(2b558ccbc8efba841a6cff5aaf229ac8) Importer(815301076,1909f56bfc062723c751e8b465ee728b)  -> (artifact id: '2da249760941b5d8bcac21e267e87465') in 0.205258 seconds 
========================================================================
Received Import Request.
  Time since last request: 0.000049 seconds.
  path: Assets/Xfrog/2022 PBR XfrogPlants Sampler/Maps/Mat/MI_JA14_Bark01.mat
  artifactKey: Guid(f73286c920d396e43940a2e3766799ca) Importer(815301076,1909f56bfc062723c751e8b465ee728b)
Start importing Assets/Xfrog/2022 PBR XfrogPlants Sampler/Maps/Mat/MI_JA14_Bark01.mat using Guid(f73286c920d396e43940a2e3766799ca) Importer(815301076,1909f56bfc062723c751e8b465ee728b)  -> (artifact id: '0b9dde092882b2bc094927c7266d232e') in 1.362856 seconds 
========================================================================
Received Import Request.
  Time since last request: 0.000047 seconds.
  path: Assets/Xfrog/2022 PBR XfrogPlants Sampler/Maps/Mat/MI_BS09_Leaves01_su.mat
  artifactKey: Guid(62615e939b76b0f4abca16f1fae06083) Importer(815301076,1909f56bfc062723c751e8b465ee728b)
Start importing Assets/Xfrog/2022 PBR XfrogPlants Sampler/Maps/Mat/MI_BS09_Leaves01_su.mat using Guid(62615e939b76b0f4abca16f1fae06083) Importer(815301076,1909f56bfc062723c751e8b465ee728b)  -> (artifact id: 'aab8cf3fd60d8956ba5655e7a438ec53') in 0.294753 seconds 
========================================================================
Received Import Request.
  Time since last request: 0.000051 seconds.
  path: Assets/Xfrog/2022 PBR XfrogPlants Sampler/Maps/Mat/MI_JA14_Leaves01_su.mat
  artifactKey: Guid(c807d990c25bdbf4fac7ebe039309b2f) Importer(815301076,1909f56bfc062723c751e8b465ee728b)
Start importing Assets/Xfrog/2022 PBR XfrogPlants Sampler/Maps/Mat/MI_JA14_Leaves01_su.mat using Guid(c807d990c25bdbf4fac7ebe039309b2f) Importer(815301076,1909f56bfc062723c751e8b465ee728b)  -> (artifact id: 'e16fec02342ba1b14c0f8b689be45e5f') in 3.455750 seconds 
========================================================================
Received Import Request.
  Time since last request: 0.000379 seconds.
  path: Assets/Xfrog/2022 PBR XfrogPlants Sampler/Maps/Mat/MI_BS09_Flowers01.mat
  artifactKey: Guid(3462a8d78e35abe419206950c8c111a7) Importer(815301076,1909f56bfc062723c751e8b465ee728b)
Start importing Assets/Xfrog/2022 PBR XfrogPlants Sampler/Maps/Mat/MI_BS09_Flowers01.mat using Guid(3462a8d78e35abe419206950c8c111a7) Importer(815301076,1909f56bfc062723c751e8b465ee728b)  -> (artifact id: 'ecfde731ef514c4441fcf0deca293345') in 0.187520 seconds 
========================================================================
Received Import Request.
  Time since last request: 0.000047 seconds.
  path: Assets/Xfrog/2022 PBR XfrogPlants Sampler/Maps/Mat/MI_EU01_Leaves01_su.mat
  artifactKey: Guid(c3b83898db0e1ae499145c67985808bf) Importer(815301076,1909f56bfc062723c751e8b465ee728b)
Start importing Assets/Xfrog/2022 PBR XfrogPlants Sampler/Maps/Mat/MI_EU01_Leaves01_su.mat using Guid(c3b83898db0e1ae499145c67985808bf) Importer(815301076,1909f56bfc062723c751e8b465ee728b)  -> (artifact id: '080f64bb74f3e0a0f1f100a17dfe29b0') in 0.185426 seconds 
Editor requested this worker to shutdown with reason: Scaling down because of idle timeout
AssetImportWorker is now disconnected from the server
Process exiting
Exiting without the bug reporter. Application will terminate with return code 0