Using pre-set license
Built from '2021.3/staging' branch; Version is '2021.3.10f1 (1c7d0df0160b) revision 1867021'; Using compiler version '192829333'; Build Type 'Release'
OS: 'Windows 10  (10.0.19044) 64bit Enterprise' Language: 'ru' Physical Memory: 16343 MB
BatchMode: 1, IsHumanControllingUs: 0, StartBugReporterOnCrash: 0, Is64bit: 1, IsPro: 1

COMMAND LINE ARGUMENTS:
F:\Games 2\Unity\2021.3.10f1\Editor\Unity.exe
-adb2
-batchMode
-noUpm
-name
AssetImportWorker3
-projectPath
F:/Загрузки F/COURSE/Unity-main/Lab2
-logFile
Logs/AssetImportWorker3.log
-srvPort
61581
Successfully changed project path to: F:/Загрузки F/COURSE/Unity-main/Lab2
F:/Загрузки F/COURSE/Unity-main/Lab2
[UnityMemory] Configuration Parameters - Can be set up in boot.config
    "memorysetup-bucket-allocator-granularity=16"
    "memorysetup-bucket-allocator-bucket-count=8"
    "memorysetup-bucket-allocator-block-size=33554432"
    "memorysetup-bucket-allocator-block-count=8"
    "memorysetup-main-allocator-block-size=16777216"
    "memorysetup-thread-allocator-block-size=16777216"
    "memorysetup-gfx-main-allocator-block-size=16777216"
    "memorysetup-gfx-thread-allocator-block-size=16777216"
    "memorysetup-cache-allocator-block-size=4194304"
    "memorysetup-typetree-allocator-block-size=2097152"
    "memorysetup-profiler-bucket-allocator-granularity=16"
    "memorysetup-profiler-bucket-allocator-bucket-count=8"
    "memorysetup-profiler-bucket-allocator-block-size=33554432"
    "memorysetup-profiler-bucket-allocator-block-count=8"
    "memorysetup-profiler-allocator-block-size=16777216"
    "memorysetup-profiler-editor-allocator-block-size=1048576"
    "memorysetup-temp-allocator-size-main=16777216"
    "memorysetup-job-temp-allocator-block-size=2097152"
    "memorysetup-job-temp-allocator-block-size-background=1048576"
    "memorysetup-job-temp-allocator-reduction-small-platforms=262144"
    "memorysetup-temp-allocator-size-background-worker=32768"
    "memorysetup-temp-allocator-size-job-worker=262144"
    "memorysetup-temp-allocator-size-preload-manager=33554432"
    "memorysetup-temp-allocator-size-nav-mesh-worker=65536"
    "memorysetup-temp-allocator-size-audio-worker=65536"
    "memorysetup-temp-allocator-size-cloud-worker=32768"
    "memorysetup-temp-allocator-size-gi-baking-worker=262144"
    "memorysetup-temp-allocator-size-gfx=262144"
Refreshing native plugins compatible for Editor in 351.25 ms, found 3 plugins.
Preloading 0 native plugins for Editor in 0.00 ms.
Initialize engine version: 2021.3.10f1 (1c7d0df0160b)
[Subsystems] Discovering subsystems at path F:/Games 2/Unity/2021.3.10f1/Editor/Data/Resources/UnitySubsystems
[Subsystems] Discovering subsystems at path F:/Загрузки F/COURSE/Unity-main/Lab2/Assets
GfxDevice: creating device client; threaded=0; jobified=0
Direct3D:
    Version:  Direct3D 11.0 [level 11.1]
    Renderer: NVIDIA GeForce GTX 1050 Ti (ID=0x1c82)
    Vendor:   NVIDIA
    VRAM:     4018 MB
    Driver:   31.0.15.1694
Initialize mono
Mono path[0] = 'F:/Games 2/Unity/2021.3.10f1/Editor/Data/Managed'
Mono path[1] = 'F:/Games 2/Unity/2021.3.10f1/Editor/Data/MonoBleedingEdge/lib/mono/unityjit-win32'
Mono config path = 'F:/Games 2/Unity/2021.3.10f1/Editor/Data/MonoBleedingEdge/etc'
Using monoOptions --debugger-agent=transport=dt_socket,embedding=1,server=y,suspend=n,address=127.0.0.1:56068
Begin MonoManager ReloadAssembly
Registering precompiled unity dll's ...
Register platform support module: F:/Games 2/Unity/2021.3.10f1/Editor/Data/PlaybackEngines/WindowsStandaloneSupport/UnityEditor.WindowsStandalone.Extensions.dll
Registered in 0.005833 seconds.
Native extension for WindowsStandalone target not found
Refreshing native plugins compatible for Editor in 282.84 ms, found 3 plugins.
Preloading 0 native plugins for Editor in 0.00 ms.
Mono: successfully reloaded assembly
- Completed reload, in  1.459 seconds
Domain Reload Profiling:
	ReloadAssembly (1460ms)
		BeginReloadAssembly (199ms)
			ExecutionOrderSort (0ms)
			DisableScriptedObjects (0ms)
			BackupInstance (0ms)
			ReleaseScriptingObjects (0ms)
			CreateAndSetChildDomain (2ms)
		EndReloadAssembly (1053ms)
			LoadAssemblies (194ms)
			RebuildTransferFunctionScriptingTraits (1ms)
			SetupTypeCache (244ms)
			ReleaseScriptCaches (0ms)
			RebuildScriptCaches (63ms)
			SetupLoadedEditorAssemblies (658ms)
				LogAssemblyErrors (0ms)
				InitializePlatformSupportModulesInManaged (16ms)
				SetLoadedEditorAssemblies (0ms)
				RefreshPlugins (283ms)
				BeforeProcessingInitializeOnLoad (2ms)
				ProcessInitializeOnLoadAttributes (265ms)
				ProcessInitializeOnLoadMethodAttributes (92ms)
				AfterProcessingInitializeOnLoad (0ms)
				EditorAssembliesLoaded (0ms)
			ExecutionOrderSort2 (0ms)
			AwakeInstancesAfterBackupRestoration (0ms)
Platform modules already initialized, skipping
Registering precompiled user dll's ...
Registered in 0.011336 seconds.
Begin MonoManager ReloadAssembly
Symbol file LoadedFromMemory doesn't match image F:\Загрузки F\COURSE\Unity-main\Lab2\Library\PackageCache\com.unity.visualscripting@1.7.8\Editor\VisualScripting.Core\Dependencies\YamlDotNet\Unity.VisualScripting.YamlDotNet.dll
Symbol file LoadedFromMemory doesn't match image F:\Загрузки F\COURSE\Unity-main\Lab2\Library\PackageCache\com.unity.visualscripting@1.7.8\Editor\VisualScripting.Core\Dependencies\DotNetZip\Unity.VisualScripting.IonicZip.dll
Native extension for WindowsStandalone target not found
Refreshing native plugins compatible for Editor in 296.13 ms, found 3 plugins.
Preloading 0 native plugins for Editor in 0.00 ms.
Mono: successfully reloaded assembly
- Completed reload, in  3.146 seconds
Domain Reload Profiling:
	ReloadAssembly (3148ms)
		BeginReloadAssembly (226ms)
			ExecutionOrderSort (0ms)
			DisableScriptedObjects (10ms)
			BackupInstance (0ms)
			ReleaseScriptingObjects (0ms)
			CreateAndSetChildDomain (36ms)
		EndReloadAssembly (2605ms)
			LoadAssemblies (233ms)
			RebuildTransferFunctionScriptingTraits (0ms)
			SetupTypeCache (738ms)
			ReleaseScriptCaches (1ms)
			RebuildScriptCaches (167ms)
			SetupLoadedEditorAssemblies (1435ms)
				LogAssemblyErrors (0ms)
				InitializePlatformSupportModulesInManaged (16ms)
				SetLoadedEditorAssemblies (0ms)
				RefreshPlugins (296ms)
				BeforeProcessingInitializeOnLoad (240ms)
				ProcessInitializeOnLoadAttributes (767ms)
				ProcessInitializeOnLoadMethodAttributes (111ms)
				AfterProcessingInitializeOnLoad (4ms)
				EditorAssembliesLoaded (0ms)
			ExecutionOrderSort2 (0ms)
			AwakeInstancesAfterBackupRestoration (10ms)
Platform modules already initialized, skipping
========================================================================
Worker process is ready to serve import requests
Launched and connected shader compiler UnityShaderCompiler.exe after 0.22 seconds
Refreshing native plugins compatible for Editor in 1.91 ms, found 3 plugins.
Preloading 0 native plugins for Editor in 0.00 ms.
Unloading 6840 Unused Serialized files (Serialized files now loaded: 0)
Unloading 70 unused Assets / (5.1 MB). Loaded Objects now: 7275.
Memory consumption went from 316.9 MB to 311.9 MB.
Total: 11.808700 ms (FindLiveObjects: 1.046000 ms CreateObjectMapping: 1.790400 ms MarkObjects: 7.828700 ms  DeleteObjects: 1.142200 ms)

AssetImportParameters requested are different than current active one (requested -> active):
  custom:video-decoder-ogg-theora: a1e56fd34408186e4bbccfd4996cb3dc -> 
  custom:container-muxer-webm: aa71ff27fc2769a1b78a27578f13a17b -> 
  custom:container-demuxer-webm: 4f35f7cbe854078d1ac9338744f61a02 -> 
  custom:video-encoder-webm-vp8: eb34c28f22e8b96e1ab97ce403110664 -> 
  custom:video-codec-MediaFoundation-h265: 746d11721c4dcdbdad8f713fa42b33f4 -> 
  custom:audio-encoder-webm-vorbis: bf7c407c2cedff20999df2af8eb42d56 -> 
  custom:framework-win-MediaFoundation: 216162199b28c13a410421893ffa2e32 -> 
  custom:container-demuxer-ogg: 62fdf1f143b41e24485cea50d1cbac27 -> 
  custom:video-decoder-webm-vp8: 9c59270c3fd7afecdb556c50c9e8de78 -> 
  custom:audio-decoder-ogg-vorbis: bf7c407c2cedff20999df2af8eb42d56 -> 
========================================================================
Received Import Request.
  Time since last request: 15364.150586 seconds.
  path: Assets/Xfrog/2022 PBR XfrogPlants Sampler/Models/MESH_CL04_CalocedrusDecurrens_Y_LOD0.fbx
  artifactKey: Guid(34fe9d6e1d6e30c4bafd2f1676a6e894) Importer(815301076,1909f56bfc062723c751e8b465ee728b)
Start importing Assets/Xfrog/2022 PBR XfrogPlants Sampler/Models/MESH_CL04_CalocedrusDecurrens_Y_LOD0.fbx using Guid(34fe9d6e1d6e30c4bafd2f1676a6e894) Importer(815301076,1909f56bfc062723c751e8b465ee728b)  -> (artifact id: 'e2e69a7562c78944023fe6dda1df3726') in 3.078413 seconds 
========================================================================
Received Import Request.
  Time since last request: 0.000044 seconds.
  path: Assets/Xfrog/2022 PBR XfrogPlants Sampler/Models/MESH_JA14_PhyllostachysNigraHenonis_Y_LOD1.fbx
  artifactKey: Guid(a9c5185a9269efc41b960d4560c4f887) Importer(815301076,1909f56bfc062723c751e8b465ee728b)
Start importing Assets/Xfrog/2022 PBR XfrogPlants Sampler/Models/MESH_JA14_PhyllostachysNigraHenonis_Y_LOD1.fbx using Guid(a9c5185a9269efc41b960d4560c4f887) Importer(815301076,1909f56bfc062723c751e8b465ee728b)  -> (artifact id: '57edac543763eb57e5dcb0edc28f6110') in 0.804050 seconds 
========================================================================
Received Import Request.
  Time since last request: 0.000140 seconds.
  path: Assets/Xfrog/2022 PBR XfrogPlants Sampler/Models/MESH_AF08_DracaenaDraco_Y_LOD2.fbx
  artifactKey: Guid(195a93e59e8990a4b80aaa585625c42e) Importer(815301076,1909f56bfc062723c751e8b465ee728b)
Start importing Assets/Xfrog/2022 PBR XfrogPlants Sampler/Models/MESH_AF08_DracaenaDraco_Y_LOD2.fbx using Guid(195a93e59e8990a4b80aaa585625c42e) Importer(815301076,1909f56bfc062723c751e8b465ee728b)  -> (artifact id: 'd54c8aa2aaa33acaa7329c3dd84edf24') in 0.377682 seconds 
========================================================================
Received Import Request.
  Time since last request: 0.000070 seconds.
  path: Assets/Xfrog/2022 PBR XfrogPlants Sampler/Models/MESH_BS09_NeriumOleander_M_LOD2.fbx
  artifactKey: Guid(e4684b76645e151488ffab835f35b354) Importer(815301076,1909f56bfc062723c751e8b465ee728b)
Start importing Assets/Xfrog/2022 PBR XfrogPlants Sampler/Models/MESH_BS09_NeriumOleander_M_LOD2.fbx using Guid(e4684b76645e151488ffab835f35b354) Importer(815301076,1909f56bfc062723c751e8b465ee728b)  -> (artifact id: '955073346c32737ea55ed16482475b2d') in 0.954176 seconds 
========================================================================
Received Import Request.
  Time since last request: 0.000090 seconds.
  path: Assets/Xfrog/2022 PBR XfrogPlants Sampler/Models/MESH_OC56_MelaleucaAlternifolia_A_LOD2.fbx
  artifactKey: Guid(dd03974238ff10c4e8ba062f0cc94ecf) Importer(815301076,1909f56bfc062723c751e8b465ee728b)
Start importing Assets/Xfrog/2022 PBR XfrogPlants Sampler/Models/MESH_OC56_MelaleucaAlternifolia_A_LOD2.fbx using Guid(dd03974238ff10c4e8ba062f0cc94ecf) Importer(815301076,1909f56bfc062723c751e8b465ee728b)  -> (artifact id: 'd98000f3dd42942b2c203901b977e5c7') in 0.763346 seconds 
========================================================================
Received Import Request.
  Time since last request: 0.000047 seconds.
  path: Assets/Xfrog/2022 PBR XfrogPlants Sampler/Models/MESH_JA14_PhyllostachysNigraHenonis_A_LOD1.fbx
  artifactKey: Guid(72ddbe6e565e2f64f88b7cbceb11b3c1) Importer(815301076,1909f56bfc062723c751e8b465ee728b)
Start importing Assets/Xfrog/2022 PBR XfrogPlants Sampler/Models/MESH_JA14_PhyllostachysNigraHenonis_A_LOD1.fbx using Guid(72ddbe6e565e2f64f88b7cbceb11b3c1) Importer(815301076,1909f56bfc062723c751e8b465ee728b)  -> (artifact id: '42441ff992501077f5577415231e2760') in 0.640143 seconds 
========================================================================
Received Import Request.
  Time since last request: 0.000095 seconds.
  path: Assets/Xfrog/2022 PBR XfrogPlants Sampler/Models/MESH_BS09_NeriumOleander_M_LOD0.fbx
  artifactKey: Guid(28bdb38be6d4cb5418eb91849c69c882) Importer(815301076,1909f56bfc062723c751e8b465ee728b)
Start importing Assets/Xfrog/2022 PBR XfrogPlants Sampler/Models/MESH_BS09_NeriumOleander_M_LOD0.fbx using Guid(28bdb38be6d4cb5418eb91849c69c882) Importer(815301076,1909f56bfc062723c751e8b465ee728b)  -> (artifact id: 'cf763b500178a6ed6a06219da5fb1c82') in 1.038734 seconds 
========================================================================
Received Import Request.
  Time since last request: 0.000044 seconds.
  path: Assets/Xfrog/2022 PBR XfrogPlants Sampler/Models/MESH_AF08_DracaenaDraco_M_LOD1.fbx
  artifactKey: Guid(88952e2e8830ae64996930a28e69b456) Importer(815301076,1909f56bfc062723c751e8b465ee728b)
Start importing Assets/Xfrog/2022 PBR XfrogPlants Sampler/Models/MESH_AF08_DracaenaDraco_M_LOD1.fbx using Guid(88952e2e8830ae64996930a28e69b456) Importer(815301076,1909f56bfc062723c751e8b465ee728b)  -> (artifact id: '5524c8aa77a5cf1fc3f4c7c33f7cc96a') in 0.546872 seconds 
========================================================================
Received Import Request.
  Time since last request: 0.000086 seconds.
  path: Assets/Xfrog/2022 PBR XfrogPlants Sampler/Models/MESH_JA14_PhyllostachysNigraHenonis_M_LOD2.fbx
  artifactKey: Guid(cb05814218196ec42871c27d2b99abac) Importer(815301076,1909f56bfc062723c751e8b465ee728b)
Start importing Assets/Xfrog/2022 PBR XfrogPlants Sampler/Models/MESH_JA14_PhyllostachysNigraHenonis_M_LOD2.fbx using Guid(cb05814218196ec42871c27d2b99abac) Importer(815301076,1909f56bfc062723c751e8b465ee728b)  -> (artifact id: '2dfb0b089d0f5f361052cd38d8b13ba7') in 0.772650 seconds 
========================================================================
Received Import Request.
  Time since last request: 0.000064 seconds.
  path: Assets/Xfrog/2022 PBR XfrogPlants Sampler/Models/MESH_OC56_MelaleucaAlternifolia_A_LOD1.fbx
  artifactKey: Guid(e92ee2d902b33a74dbd75a86e4f29e19) Importer(815301076,1909f56bfc062723c751e8b465ee728b)
Start importing Assets/Xfrog/2022 PBR XfrogPlants Sampler/Models/MESH_OC56_MelaleucaAlternifolia_A_LOD1.fbx using Guid(e92ee2d902b33a74dbd75a86e4f29e19) Importer(815301076,1909f56bfc062723c751e8b465ee728b)  -> (artifact id: '4ea676de3c5b51d653dbad9b3e410075') in 0.817310 seconds 
========================================================================
Received Import Request.
  Time since last request: 0.000050 seconds.
  path: Assets/Xfrog/2022 PBR XfrogPlants Sampler/Models/MESH_AF08_DracaenaDraco_A_LOD0.fbx
  artifactKey: Guid(fa1a8f6c65ee2d647b7afbdc94fe5c37) Importer(815301076,1909f56bfc062723c751e8b465ee728b)
Start importing Assets/Xfrog/2022 PBR XfrogPlants Sampler/Models/MESH_AF08_DracaenaDraco_A_LOD0.fbx using Guid(fa1a8f6c65ee2d647b7afbdc94fe5c37) Importer(815301076,1909f56bfc062723c751e8b465ee728b)  -> (artifact id: '437c5ffbad0007cceb7b6cfa64eb8573') in 0.528374 seconds 
========================================================================
Received Import Request.
  Time since last request: 0.000041 seconds.
  path: Assets/Xfrog/2022 PBR XfrogPlants Sampler/Models/MESH_BS09_NeriumOleander_A_LOD2.fbx
  artifactKey: Guid(1a75c3c8700b6554bafa5e841d408108) Importer(815301076,1909f56bfc062723c751e8b465ee728b)
Start importing Assets/Xfrog/2022 PBR XfrogPlants Sampler/Models/MESH_BS09_NeriumOleander_A_LOD2.fbx using Guid(1a75c3c8700b6554bafa5e841d408108) Importer(815301076,1909f56bfc062723c751e8b465ee728b)  -> (artifact id: '93a984eb9f96f61693c287f47cdd2308') in 0.776863 seconds 
========================================================================
Received Import Request.
  Time since last request: 0.000085 seconds.
  path: Assets/Xfrog/2022 PBR XfrogPlants Sampler/Models/MESH_CL04_CalocedrusDecurrens_Y_LOD1.fbx
  artifactKey: Guid(c2992f1e8a785e147a01df6ba9fcba3d) Importer(815301076,1909f56bfc062723c751e8b465ee728b)
Start importing Assets/Xfrog/2022 PBR XfrogPlants Sampler/Models/MESH_CL04_CalocedrusDecurrens_Y_LOD1.fbx using Guid(c2992f1e8a785e147a01df6ba9fcba3d) Importer(815301076,1909f56bfc062723c751e8b465ee728b)  -> (artifact id: 'b7e307fd55bf4af4290dd8acf11a2a43') in 0.393157 seconds 
========================================================================
Received Prepare
Registering precompiled user dll's ...
Registered in 0.007668 seconds.
Begin MonoManager ReloadAssembly
Symbol file LoadedFromMemory doesn't match image F:\Загрузки F\COURSE\Unity-main\Lab2\Library\PackageCache\com.unity.visualscripting@1.7.8\Editor\VisualScripting.Core\Dependencies\YamlDotNet\Unity.VisualScripting.YamlDotNet.dll
Symbol file LoadedFromMemory doesn't match image F:\Загрузки F\COURSE\Unity-main\Lab2\Library\PackageCache\com.unity.visualscripting@1.7.8\Editor\VisualScripting.Core\Dependencies\DotNetZip\Unity.VisualScripting.IonicZip.dll
Native extension for WindowsStandalone target not found
Refreshing native plugins compatible for Editor in 2.05 ms, found 3 plugins.
Preloading 0 native plugins for Editor in 0.00 ms.
Mono: successfully reloaded assembly
- Completed reload, in  9.479 seconds
Domain Reload Profiling:
	ReloadAssembly (9482ms)
		BeginReloadAssembly (850ms)
			ExecutionOrderSort (0ms)
			DisableScriptedObjects (110ms)
			BackupInstance (0ms)
			ReleaseScriptingObjects (0ms)
			CreateAndSetChildDomain (251ms)
		EndReloadAssembly (8192ms)
			LoadAssemblies (523ms)
			RebuildTransferFunctionScriptingTraits (0ms)
			SetupTypeCache (1961ms)
			ReleaseScriptCaches (7ms)
			RebuildScriptCaches (637ms)
			SetupLoadedEditorAssemblies (3955ms)
				LogAssemblyErrors (0ms)
				InitializePlatformSupportModulesInManaged (146ms)
				SetLoadedEditorAssemblies (3ms)
				RefreshPlugins (2ms)
				BeforeProcessingInitializeOnLoad (917ms)
				ProcessInitializeOnLoadAttributes (2551ms)
				ProcessInitializeOnLoadMethodAttributes (318ms)
				AfterProcessingInitializeOnLoad (16ms)
				EditorAssembliesLoaded (0ms)
			ExecutionOrderSort2 (0ms)
			AwakeInstancesAfterBackupRestoration (171ms)
Platform modules already initialized, skipping
Refreshing native plugins compatible for Editor in 19.98 ms, found 3 plugins.
Preloading 0 native plugins for Editor in 0.00 ms.
Unloading 6494 Unused Serialized files (Serialized files now loaded: 0)
Unloading 60 unused Assets / (5.0 MB). Loaded Objects now: 7404.
Memory consumption went from 309.9 MB to 304.9 MB.
Total: 14.691200 ms (FindLiveObjects: 0.558200 ms CreateObjectMapping: 4.402900 ms MarkObjects: 8.275300 ms  DeleteObjects: 1.453300 ms)

AssetImportParameters requested are different than current active one (requested -> active):
  custom:video-decoder-ogg-theora: a1e56fd34408186e4bbccfd4996cb3dc -> 
  custom:container-muxer-webm: aa71ff27fc2769a1b78a27578f13a17b -> 
  custom:container-demuxer-webm: 4f35f7cbe854078d1ac9338744f61a02 -> 
  custom:video-encoder-webm-vp8: eb34c28f22e8b96e1ab97ce403110664 -> 
  custom:video-codec-MediaFoundation-h265: 746d11721c4dcdbdad8f713fa42b33f4 -> 
  custom:audio-encoder-webm-vorbis: bf7c407c2cedff20999df2af8eb42d56 -> 
  custom:framework-win-MediaFoundation: 216162199b28c13a410421893ffa2e32 -> 
  custom:container-demuxer-ogg: 62fdf1f143b41e24485cea50d1cbac27 -> 
  custom:video-decoder-webm-vp8: 9c59270c3fd7afecdb556c50c9e8de78 -> 
  custom:audio-decoder-ogg-vorbis: bf7c407c2cedff20999df2af8eb42d56 -> 
Editor requested this worker to shutdown with reason: Scaling down because of idle timeout
AssetImportWorker is now disconnected from the server
Process exiting
Exiting without the bug reporter. Application will terminate with return code 0